<?xml version="1.0" encoding="UTF-8"?>
<testng-results ignored="2" total="16" passed="13" failed="1" skipped="0">
  <reporter-output>
  </reporter-output>
  <suite started-at="2023-11-28T00:48:52 IST" name="Loan Department" finished-at="2023-11-28T00:48:52 IST" duration-ms="230">
    <groups>
      <group name="smoke">
        <method signature="Day3.WebLoginCarLoan(java.lang.String,java.lang.String)[pri:0, instance:test.Day3@47faa49c]" name="WebLoginCarLoan" class="test.Day3"/>
        <method signature="Day2.loan()[pri:0, instance:test.Day2@25084a1e]" name="loan" class="test.Day2"/>
        <method signature="Day3.WebLoginCarLoan(java.lang.String,java.lang.String)[pri:0, instance:test.Day3@3c7f66c4]" name="WebLoginCarLoan" class="test.Day3"/>
      </group> <!-- smoke -->
    </groups>
    <test started-at="2023-11-28T00:48:52 IST" name="Car loan" finished-at="2023-11-28T00:48:52 IST" duration-ms="103">
      <class name="test.Day3">
        <test-method is-config="true" signature="Bfsuite()[pri:0, instance:test.Day3@3c7f66c4]" started-at="2023-11-28T00:48:52 IST" name="Bfsuite" finished-at="2023-11-28T00:48:52 IST" duration-ms="10" status="PASS">
          <reporter-output>
          </reporter-output>
        </test-method> <!-- Bfsuite -->
        <test-method signature="WebLoginCarLoan(java.lang.String,java.lang.String)[pri:0, instance:test.Day3@3c7f66c4]" started-at="2023-11-28T00:48:52 IST" name="WebLoginCarLoan" finished-at="2023-11-28T00:48:52 IST" duration-ms="15" status="PASS">
          <params>
            <param index="0">
              <value>
                <![CDATA[google.com]]>
              </value>
            </param>
            <param index="1">
              <value>
                <![CDATA[123456]]>
              </value>
            </param>
          </params>
          <reporter-output>
          </reporter-output>
        </test-method> <!-- WebLoginCarLoan -->
        <test-method signature="LoginAPICarLoan()[pri:0, instance:test.Day3@3c7f66c4]" started-at="2023-11-28T00:48:52 IST" name="LoginAPICarLoan" finished-at="2023-11-28T00:48:52 IST" depends-on-methods="test.Day3.WebLoginCarLoan" duration-ms="15" status="PASS">
          <reporter-output>
          </reporter-output>
        </test-method> <!-- LoginAPICarLoan -->
      </class> <!-- test.Day3 -->
    </test> <!-- Car loan -->
    <test started-at="2023-11-28T00:48:52 IST" name="Personal loan" finished-at="2023-11-28T00:48:52 IST" duration-ms="230">
      <class name="test.Day1">
        <test-method signature="Demo()[pri:0, instance:test.Day1@22e357dc]" started-at="2023-11-28T00:48:52 IST" name="Demo" finished-at="2023-11-28T00:48:52 IST" duration-ms="17" status="FAIL">
          <exception class="java.lang.AssertionError">
            <message>
              <![CDATA[expected [true] but found [false]]]>
            </message>
            <full-stacktrace>
              <![CDATA[java.lang.AssertionError: expected [true] but found [false]
at org.testng.Assert.fail(Assert.java:99)
at org.testng.Assert.failNotEquals(Assert.java:1037)
at org.testng.Assert.assertTrue(Assert.java:45)
at org.testng.Assert.assertTrue(Assert.java:55)
at test.Day1.Demo(Day1.java:11)
at java.base/jdk.internal.reflect.NativeMethodAccessorImpl.invoke0(Native Method)
at java.base/jdk.internal.reflect.NativeMethodAccessorImpl.invoke(NativeMethodAccessorImpl.java:77)
at java.base/jdk.internal.reflect.DelegatingMethodAccessorImpl.invoke(DelegatingMethodAccessorImpl.java:43)
at java.base/java.lang.reflect.Method.invoke(Method.java:568)
at org.testng.internal.MethodInvocationHelper.invokeMethod(MethodInvocationHelper.java:133)
at org.testng.internal.TestInvoker.invokeMethod(TestInvoker.java:598)
at org.testng.internal.TestInvoker.invokeTestMethod(TestInvoker.java:173)
at org.testng.internal.MethodRunner.runInSequence(MethodRunner.java:46)
at org.testng.internal.TestInvoker$MethodInvocationAgent.invoke(TestInvoker.java:824)
at org.testng.internal.TestInvoker.invokeTestMethods(TestInvoker.java:146)
at org.testng.internal.TestMethodWorker.invokeTestMethods(TestMethodWorker.java:146)
at org.testng.internal.TestMethodWorker.run(TestMethodWorker.java:128)
at java.base/java.util.ArrayList.forEach(ArrayList.java:1511)
at org.testng.TestRunner.privateRun(TestRunner.java:794)
at org.testng.TestRunner.run(TestRunner.java:596)
at org.testng.SuiteRunner.runTest(SuiteRunner.java:377)
at org.testng.SuiteRunner.access$000(SuiteRunner.java:28)
at org.testng.SuiteRunner$SuiteWorker.run(SuiteRunner.java:418)
at org.testng.internal.thread.ThreadUtil.lambda$execute$0(ThreadUtil.java:64)
at java.base/java.util.concurrent.FutureTask.run(FutureTask.java:264)
at java.base/java.util.concurrent.ThreadPoolExecutor.runWorker(ThreadPoolExecutor.java:1136)
at java.base/java.util.concurrent.ThreadPoolExecutor$Worker.run(ThreadPoolExecutor.java:635)
at java.base/java.lang.Thread.run(Thread.java:833)
]]>
            </full-stacktrace>
          </exception> <!-- java.lang.AssertionError -->
          <reporter-output>
          </reporter-output>
        </test-method> <!-- Demo -->
        <test-method signature="SecondTest()[pri:0, instance:test.Day1@22e357dc]" started-at="2023-11-28T00:48:52 IST" name="SecondTest" finished-at="2023-11-28T00:48:52 IST" duration-ms="2" status="PASS">
          <reporter-output>
          </reporter-output>
        </test-method> <!-- SecondTest -->
      </class> <!-- test.Day1 -->
      <class name="test.Day2">
        <test-method signature="loan()[pri:0, instance:test.Day2@25084a1e]" started-at="2023-11-28T00:48:52 IST" name="loan" finished-at="2023-11-28T00:48:52 IST" duration-ms="2" status="PASS">
          <reporter-output>
          </reporter-output>
        </test-method> <!-- loan -->
        <test-method is-config="true" signature="prereqiusted()[pri:0, instance:test.Day2@25084a1e]" started-at="2023-11-28T00:48:52 IST" name="prereqiusted" finished-at="2023-11-28T00:48:52 IST" duration-ms="1" status="PASS">
          <reporter-output>
          </reporter-output>
        </test-method> <!-- prereqiusted -->
      </class> <!-- test.Day2 -->
      <class name="test.Day3">
        <test-method signature="MobileLoginCarLoan()[pri:0, instance:test.Day3@47faa49c]" started-at="2023-11-28T00:48:52 IST" name="MobileLoginCarLoan" finished-at="2023-11-28T00:48:52 IST" duration-ms="7" status="PASS">
          <reporter-output>
          </reporter-output>
        </test-method> <!-- MobileLoginCarLoan -->
        <test-method signature="WebLoginCarLoan(java.lang.String,java.lang.String)[pri:0, instance:test.Day3@47faa49c]" started-at="2023-11-28T00:48:52 IST" name="WebLoginCarLoan" finished-at="2023-11-28T00:48:52 IST" duration-ms="9" status="PASS">
          <params>
            <param index="0">
              <value>
                <![CDATA[google.com]]>
              </value>
            </param>
            <param index="1">
              <value>
                <![CDATA[123456]]>
              </value>
            </param>
          </params>
          <reporter-output>
          </reporter-output>
        </test-method> <!-- WebLoginCarLoan -->
        <test-method signature="MobilesignoutcarLoan(java.lang.String,java.lang.String)[pri:0, instance:test.Day3@47faa49c]" started-at="2023-11-28T00:48:52 IST" name="MobilesignoutcarLoan" data-provider="getData" finished-at="2023-11-28T00:48:52 IST" duration-ms="13" status="PASS">
          <params>
            <param index="0">
              <value>
                <![CDATA[firstsetusername]]>
              </value>
            </param>
            <param index="1">
              <value>
                <![CDATA[password]]>
              </value>
            </param>
          </params>
          <reporter-output>
          </reporter-output>
        </test-method> <!-- MobilesignoutcarLoan -->
        <test-method signature="MobilesignoutcarLoan(java.lang.String,java.lang.String)[pri:0, instance:test.Day3@47faa49c]" started-at="2023-11-28T00:48:52 IST" name="MobilesignoutcarLoan" data-provider="getData" finished-at="2023-11-28T00:48:52 IST" duration-ms="11" status="PASS">
          <params>
            <param index="0">
              <value>
                <![CDATA[secondsetusername]]>
              </value>
            </param>
            <param index="1">
              <value>
                <![CDATA[secondpassword]]>
              </value>
            </param>
          </params>
          <reporter-output>
          </reporter-output>
        </test-method> <!-- MobilesignoutcarLoan -->
        <test-method signature="MobilesignoutcarLoan(java.lang.String,java.lang.String)[pri:0, instance:test.Day3@47faa49c]" started-at="2023-11-28T00:48:52 IST" name="MobilesignoutcarLoan" data-provider="getData" finished-at="2023-11-28T00:48:52 IST" duration-ms="3" status="PASS">
          <params>
            <param index="0">
              <value>
                <![CDATA[thirdsetusername]]>
              </value>
            </param>
            <param index="1">
              <value>
                <![CDATA[thirdpassword]]>
              </value>
            </param>
          </params>
          <reporter-output>
          </reporter-output>
        </test-method> <!-- MobilesignoutcarLoan -->
        <test-method signature="LoginAPICarLoan()[pri:0, instance:test.Day3@47faa49c]" started-at="2023-11-28T00:48:52 IST" name="LoginAPICarLoan" finished-at="2023-11-28T00:48:52 IST" depends-on-methods="test.Day3.WebLoginCarLoan" duration-ms="4" status="PASS">
          <reporter-output>
          </reporter-output>
        </test-method> <!-- LoginAPICarLoan -->
      </class> <!-- test.Day3 -->
      <class name="test.Day4">
        <test-method signature="LoginAPIHomeLoan()[pri:0, instance:test.Day4@6da21078]" started-at="2023-11-28T00:48:52 IST" name="LoginAPIHomeLoan" finished-at="2023-11-28T00:48:52 IST" duration-ms="3" status="PASS">
          <reporter-output>
          </reporter-output>
        </test-method> <!-- LoginAPIHomeLoan -->
        <test-method signature="MobileLoginHomeLoan()[pri:0, instance:test.Day4@6da21078]" started-at="2023-11-28T00:48:52 IST" name="MobileLoginHomeLoan" finished-at="2023-11-28T00:48:52 IST" duration-ms="1" status="PASS">
          <reporter-output>
          </reporter-output>
        </test-method> <!-- MobileLoginHomeLoan -->
        <test-method signature="WebLoginHomeLoan()[pri:0, instance:test.Day4@6da21078]" started-at="2023-11-28T00:48:52 IST" name="WebLoginHomeLoan" finished-at="2023-11-28T00:48:52 IST" duration-ms="1" status="PASS">
          <reporter-output>
          </reporter-output>
        </test-method> <!-- WebLoginHomeLoan -->
      </class> <!-- test.Day4 -->
    </test> <!-- Personal loan -->
  </suite> <!-- Loan Department -->
</testng-results>
