<?xml version="1.0" encoding="UTF-8"?>
<!-- Generated by org.testng.reporters.JUnitXMLReporter -->
<testsuite ignored="2" hostname="DESKTOP-9ORLONM" failures="0" tests="2" name="Car loan" time="0.103" errors="0" timestamp="2023-11-28T00:48:52 IST">
  <testcase classname="test.Day3" name="WebLoginCarLoan" time="0.015"/>
  <testcase classname="test.Day3" name="LoginAPICarLoan" time="0.015"/>
  <testcase classname="test.Day3" name="MobileLoginCarLoan" time="0.0">
    <ignored/>
  </testcase> <!-- MobileLoginCarLoan -->
  <testcase classname="test.Day3" name="MobilesignoutcarLoan" time="0.0">
    <ignored/>
  </testcase> <!-- MobilesignoutcarLoan -->
</testsuite> <!-- Car loan -->
